<?xml version="1.0" encoding="UTF-8" ?>
<testsuite failures="0" time="4.646" errors="0" skipped="0" tests="35" name="com.softserveinc.edu.oms.persistence.dao.UserDaoTest">
  <properties>
[...]
</properties>
  <testcase time="0.47" classname="com.softserveinc.edu.oms.persistence.dao.UserDaoTest" name="testFindByFirstNameContains"/>
  <testcase time="0.144" classname="com.softserveinc.edu.oms.persistence.dao.UserDaoTest" name="testFindByFirstNameDoesNotContain"/>
  <testcase time="0.132" classname="com.softserveinc.edu.oms.persistence.dao.UserDaoTest" name="testFindByLastNameEqual"/>
  <testcase time="0.131" classname="com.softserveinc.edu.oms.persistence.dao.UserDaoTest" name="testFindByLastNameNotEqual"/>
  <testcase time="0.134" classname="com.softserveinc.edu.oms.persistence.dao.UserDaoTest" name="testFindByLastNameStartsWith"/>
  <testcase time="0.142" classname="com.softserveinc.edu.oms.persistence.dao.UserDaoTest" name="testFindByLastNameContains"/>
  <testcase time="0.123" classname="com.softserveinc.edu.oms.persistence.dao.UserDaoTest" name="testFindByLastNameDoesNotContain"/>
  <testcase time="0.138" classname="com.softserveinc.edu.oms.persistence.dao.UserDaoTest" name="testFindByAllEqual"/>
  <testcase time="0.175" classname="com.softserveinc.edu.oms.persistence.dao.UserDaoTest" name="testFindByAllNotEqual"/>
  <testcase time="0.204" classname="com.softserveinc.edu.oms.persistence.dao.UserDaoTest" name="testFindByAllStartsWith"/>
  <testcase time="0.207" classname="com.softserveinc.edu.oms.persistence.dao.UserDaoTest" name="testFindByAllContains"/>
  <testcase time="0.221" classname="com.softserveinc.edu.oms.persistence.dao.UserDaoTest" name="testFindByAllDoesNotContain"/>
  <testcase time="0.184" classname="com.softserveinc.edu.oms.persistence.dao.UserDaoTest" name="testCountUserBySearchValue"/>
  <testcase time="0.067" classname="com.softserveinc.edu.oms.persistence.dao.UserDaoTest" name="testGetRowCount"/>
  <testcase time="0.072" classname="com.softserveinc.edu.oms.persistence.dao.UserDaoTest" name="testFindAllFromEmptyDb"/>
  <testcase time="0.07" classname="com.softserveinc.edu.oms.persistence.dao.UserDaoTest" name="testFindAllFromEmptyDbVol2"/>
  <testcase time="0.121" classname="com.softserveinc.edu.oms.persistence.dao.UserDaoTest" name="testInsertIntoEmptyDbAndFindAllAfterThat"/>
  <testcase time="0.105" classname="com.softserveinc.edu.oms.persistence.dao.UserDaoTest" name="testFindAllFromWithPaging"/>
  <testcase time="0.09" classname="com.softserveinc.edu.oms.persistence.dao.UserDaoTest" name="testUpdateUser"/>
  <testcase time="0.119" classname="com.softserveinc.edu.oms.persistence.dao.UserDaoTest" name="testDeleteUser"/>
  <testcase time="0.121" classname="com.softserveinc.edu.oms.persistence.dao.UserDaoTest" name="testFindByRoleNameEqualName"/>
  <testcase time="0.139" classname="com.softserveinc.edu.oms.persistence.dao.UserDaoTest" name="testFindByRoleNameNotEqualName"/>
  <testcase time="0.143" classname="com.softserveinc.edu.oms.persistence.dao.UserDaoTest" name="testFindByRoleNameStartsWith"/>
  <testcase time="0.129" classname="com.softserveinc.edu.oms.persistence.dao.UserDaoTest" name="testFindByRoleNameDoesNotContain"/>
  <testcase time="0.118" classname="com.softserveinc.edu.oms.persistence.dao.UserDaoTest" name="testFindByRoleNameContains"/>
  <testcase time="0.109" classname="com.softserveinc.edu.oms.persistence.dao.UserDaoTest" name="testFindByLoginEqual"/>
  <testcase time="0.101" classname="com.softserveinc.edu.oms.persistence.dao.UserDaoTest" name="testFindByLoginNotEqual"/>
  <testcase time="0.097" classname="com.softserveinc.edu.oms.persistence.dao.UserDaoTest" name="testFindByLoginStartsWith"/>
  <testcase time="0.101" classname="com.softserveinc.edu.oms.persistence.dao.UserDaoTest" name="testFindByLoginContains"/>
  <testcase time="0.109" classname="com.softserveinc.edu.oms.persistence.dao.UserDaoTest" name="testFindByLoginDoesNotContain"/>
  <testcase time="0.099" classname="com.softserveinc.edu.oms.persistence.dao.UserDaoTest" name="testFindByFirstNameEqual"/>
  <testcase time="0.101" classname="com.softserveinc.edu.oms.persistence.dao.UserDaoTest" name="testFindByFirstNameNotEqual"/>
  <testcase time="0.097" classname="com.softserveinc.edu.oms.persistence.dao.UserDaoTest" name="testFindByFirstNameStartsWith"/>
  <testcase time="0.077" classname="com.softserveinc.edu.oms.persistence.dao.UserDaoTest" name="testFindById"/>
  <testcase time="0.056" classname="com.softserveinc.edu.oms.persistence.dao.UserDaoTest" name="testContextFile"/>
</testsuite>