<?xml version="1.0" encoding="UTF-8" ?>
<testsuite failures="0" time="0.974" errors="0" skipped="0" tests="18" name="com.softserveinc.edu.oms.persistence.dao.ProductDaoTest">
  <properties>
[...]
</properties>
  <testcase time="0.185" classname="com.softserveinc.edu.oms.persistence.dao.ProductDaoTest" name="testfindByName"/>
  <testcase time="0.073" classname="com.softserveinc.edu.oms.persistence.dao.ProductDaoTest" name="testcontainsProductByName"/>
  <testcase time="0.06" classname="com.softserveinc.edu.oms.persistence.dao.ProductDaoTest" name="testfindByDescription"/>
  <testcase time="0.038" classname="com.softserveinc.edu.oms.persistence.dao.ProductDaoTest" name="testnumberOfProductByName"/>
  <testcase time="0.064" classname="com.softserveinc.edu.oms.persistence.dao.ProductDaoTest" name="testcontainsProductByDescription"/>
  <testcase time="0.045" classname="com.softserveinc.edu.oms.persistence.dao.ProductDaoTest" name="testnumberOfProductByDescription"/>
  <testcase time="0.038" classname="com.softserveinc.edu.oms.persistence.dao.ProductDaoTest" name="testfindByPrice"/>
  <testcase time="0.042" classname="com.softserveinc.edu.oms.persistence.dao.ProductDaoTest" name="testfindByPriceFromTo"/>
  <testcase time="0.039" classname="com.softserveinc.edu.oms.persistence.dao.ProductDaoTest" name="testfindByID"/>
  <testcase time="0.047" classname="com.softserveinc.edu.oms.persistence.dao.ProductDaoTest" name="testfindByNameSorting"/>
  <testcase time="0.046" classname="com.softserveinc.edu.oms.persistence.dao.ProductDaoTest" name="testfindByDescriptionSorting"/>
  <testcase time="0.057" classname="com.softserveinc.edu.oms.persistence.dao.ProductDaoTest" name="testfindByPriceFromToSorting"/>
  <testcase time="0.04" classname="com.softserveinc.edu.oms.persistence.dao.ProductDaoTest" name="testGetRowCount"/>
  <testcase time="0.038" classname="com.softserveinc.edu.oms.persistence.dao.ProductDaoTest" name="testFindByCriterions"/>
  <testcase time="0.047" classname="com.softserveinc.edu.oms.persistence.dao.ProductDaoTest" name="testFindByOneOfCriterions"/>
  <testcase time="0.042" classname="com.softserveinc.edu.oms.persistence.dao.ProductDaoTest" name="testInsertOrUpdate"/>
  <testcase time="0.039" classname="com.softserveinc.edu.oms.persistence.dao.ProductDaoTest" name="testDelete"/>
  <testcase time="0.034" classname="com.softserveinc.edu.oms.persistence.dao.ProductDaoTest" name="testContextFile"/>
</testsuite>